[debug] > Exec(~run, None, None)
[debug] > Exec(__runWatch console0, None, None)
[debug] > Exec(sbtStashOnFailure, None, None)
[debug] > Exec(__preWatch console0, None, None)
[debug] > Exec(run, None, None)
[debug] Evaluating tasks: Compile / run
[debug] Running task... Cancel: Signal, check cycles: false, forcegc: true
[info] compiling 13 Scala sources to C:\Users\soroc\Documents\Scala-workspace\Analyze_BlackJack\target\scala-3.0.0\classes ...
[error] -- [E008] Not Found Error: C:\Users\soroc\Documents\Scala-workspace\Analyze_BlackJack\src\main\scala\Main.scala:7:33 
[error] 7 |    val list = Vector(1,2,3,4,5).par
[error]   |               ^^^^^^^^^^^^^^^^^^^^^
[error]   |  value par is not a member of Vector[Int] - did you mean Vector[Int].map?
[warn] -- Feature Warning: C:\Users\soroc\Documents\Scala-workspace\Analyze_BlackJack\src\main\scala\calculation\statistical\StatisticalCreater.scala:17:15 
[warn] 17 |  implicit def joinTwoDimensions[T](ll: Seq[Seq[T]]): Seq[T] = for {l <- ll; r <- l} yield r
[warn]    |               ^
[warn]    |Definition of implicit conversion method joinTwoDimensions should be enabled
[warn]    |by adding the import clause 'import scala.language.implicitConversions'
[warn]    |or by setting the compiler option -language:implicitConversions.
[warn]    |See the Scala docs for value scala.language.implicitConversions for a discussion
[warn]    |why the feature should be explicitly enabled.
[warn] -- [E129] Potential Issue Warning: C:\Users\soroc\Documents\Scala-workspace\Analyze_BlackJack\src\main\scala\calculation\statistical\probability\strategy\DetailsStrategy.scala:11:35 
[warn] 11 |      case Some(x) => if (x < 0.1) Hit
[warn]    |                                   ^^^
[warn]    |A pure expression does nothing in statement position; you may be omitting necessary parentheses
[warn] -- [E129] Potential Issue Warning: C:\Users\soroc\Documents\Scala-workspace\Analyze_BlackJack\src\main\scala\calculation\statistical\probability\strategy\DetailsStrategy.scala:15:36 
[warn] 15 |      case Some(x)  => if (x > 0.7) Stand
[warn]    |                                    ^^^^^
[warn]    |A pure expression does nothing in statement position; you may be omitting necessary parentheses
[warn] -- [E129] Potential Issue Warning: C:\Users\soroc\Documents\Scala-workspace\Analyze_BlackJack\src\main\scala\calculation\statistical\probability\strategy\DetailsStrategy.scala:19:35 
[warn] 19 |      case Some(x) => if (x > 0.8) Hit
[warn]    |                                   ^^^
[warn]    |A pure expression does nothing in statement position; you may be omitting necessary parentheses
[warn] four warnings found
[error] one error found
[warn] four warnings found
[error] one error found
[error] (Compile / compileIncremental) Compilation failed
[error] Total time: 1 s, completed 2021/08/25 0:01:03
[debug] > Exec(resumeFromFailure, None, None)
[debug] > Exec(sbtPopOnFailure, None, None)
[debug] > Exec(__postWatch console0, None, None)
[debug] > Exec(__waitWatch console0, None, None)
