[debug] > Exec(all {file:/C:/Users/soroc/Documents/Scala-workspace/BlackJack/}blackjack/products {file:/C:/Users/soroc/Documents/Scala-workspace/BlackJack/}blackjack/test:products, None, None)
[debug] Evaluating tasks: Compile / products, Test / products
[debug] Running task... Cancel: Signal, check cycles: false, forcegc: true
[info] compiling 1 Scala source to C:\Users\soroc\Documents\Scala-workspace\BlackJack\target\scala-2.13\classes ...
[info] done compiling
[info] compiling 4 Scala sources to C:\Users\soroc\Documents\Scala-workspace\BlackJack\target\scala-2.13\classes ...
[error] C:\Users\soroc\Documents\Scala-workspace\BlackJack\src\main\scala\newBJ\package.scala:22:21: type mismatch;
[error]  found   : newBJ.Tramps
[error]  required: newBJ.package.Deck
[error]     (which expands to)  Seq[Int]
[error]       if (num <= 1) ts
[error]                     ^
[error] C:\Users\soroc\Documents\Scala-workspace\BlackJack\src\main\scala\newBJ\package.scala:23:15: value ++ is not a member of newBJ.Tramps
[error]       else ts ++ addTramps(num - 1, ts)
[error]               ^
[error] C:\Users\soroc\Documents\Scala-workspace\BlackJack\src\main\scala\newBJ\probability\Statistical.scala:8:46: value length is not a member of newBJ.Hand
[error]     val r: List[Int] = (((deck.length - hand.length) + 1) to deck.length).toList
[error]                                              ^
[error] three errors found
[debug] Forcing garbage collection...
[error] (Compile / compileIncremental) Compilation failed
[error] Total time: 1 s, completed 2021/08/20 23:49:21
[debug] > Exec(idea-shell, None, None)
[debug] > Exec(, None, None)
[debug] > Exec(idea-shell, None, None)
