[debug] > Exec(;reload; set _root_.org.jetbrains.sbt.StructureKeys.sbtStructureOptions in Global := "download" ;*/*:dumpStructureTo C:/Users/soroc/AppData/Local/Temp/sbt-structure.xml; session clear-all ; set ideaPort in Global := 57997, None, None)
[debug] > Exec(reload, None, None)
[debug] > Exec(sbtStashOnFailure, None, None)
[debug] > Exec(onFailure loadFailed, None, None)
[debug] > Exec(loadp, None, None)
[info] welcome to sbt 1.4.3 (Oracle Corporation Java 15.0.2)
[debug]       Load.loadUnit: plugins took 15.2121ms
[debug]       Load.loadUnit: defsScala took 0.0035ms
[debug] [Loading] Scanning directory C:\Users\soroc\.sbt\1.0\plugins
[debug] [Loading] Found non-root projects 
[debug] [Loading] Done in C:\Users\soroc\.sbt\1.0\plugins, returning: ()
[debug] deducing auto plugins based on known facts Set(Atom(sbt.plugins.CorePlugin)) and clauses Clauses(List(Clause(Atom(sbt.plugins.JvmPlugin),Set(Atom(sbt.plugins.IvyPlugin))), Clause(Atom(sbt.ScriptedPlugin),Set(Atom(sbt.plugins.JvmPlugin))), Clause(Atom(sbt.plugins.SbtPlugin),Set(Atom(sbt.ScriptedPlugin))), Clause(Atom(sbt.plugins.SemanticdbPlugin),Set(Atom(sbt.plugins.JvmPlugin))), Clause(Atom(sbt.plugins.JUnitXmlReportPlugin),Set(Atom(sbt.plugins.JvmPlugin))), Clause(Atom(sbt.plugins.MiniDependencyTreePlugin),Set(Atom(sbt.plugins.JvmPlugin))), Clause(Atom(sbt.plugins.CorePlugin),Set(Atom(sbt.plugins.IvyPlugin))), Clause(Atom(sbt.plugins.IvyPlugin),Set(Atom(sbt.plugins.JvmPlugin))), Clause(Atom(sbt.plugins.JvmPlugin),Set(Atom(sbt.plugins.SemanticdbPlugin))), Clause(Atom(sbt.plugins.JvmPlugin),Set(Atom(sbt.plugins.JUnitXmlReportPlugin))), Clause(Atom(sbt.plugins.CorePlugin),Set(Atom(sbt.plugins.Giter8TemplatePlugin))), Clause(Atom(sbt.plugins.JvmPlugin),Set(Atom(sbt.plugins.MiniDependencyTreePlugin)))))
[debug]   :: deduced result: Matched(sbt.plugins.CorePlugin,sbt.plugins.Giter8TemplatePlugin,sbt.plugins.IvyPlugin,sbt.plugins.JvmPlugin,sbt.plugins.MiniDependencyTreePlugin,sbt.plugins.JUnitXmlReportPlugin,sbt.plugins.SemanticdbPlugin)
[debug] Plugins.deducer#function took 1.5156 ms
[debug]           Load.resolveProject(global-plugins) took 1.3691ms
[debug]         Load.loadTransitive: finalizeProject(Project(id global-plugins, base: C:\Users\soroc\.sbt\1.0\plugins, plugins: List(<none>))) took 3.3647ms
[debug] [Loading] Done in C:\Users\soroc\.sbt\1.0\plugins, returning: (global-plugins)
[debug]       Load.loadUnit: loadedProjectsRaw took 4.9097ms
[debug]       Load.loadUnit: cleanEvalClasses took 0.0121ms
[debug]     Load.loadUnit(file:/C:/Users/soroc/.sbt/1.0/plugins/, ...) took 63.157ms
[debug]   Load.apply: load took 64.8561ms
[debug]   Load.apply: resolveProjects took 0.1631ms
[debug]   Load.apply: finalTransforms took 9.4582ms
[debug]   Load.apply: config.delegates took 0.4102ms
[debug]   Load.apply: Def.make(settings)... took 41.2002ms
[debug]   Load.apply: structureIndex took 8.0462ms
[debug]   Load.apply: mkStreams took 0.0039ms
[info] loading global plugins from C:\Users\soroc\.sbt\1.0\plugins
[debug] Running task... Cancel: Signal, check cycles: false, forcegc: true
[debug] Forcing garbage collection...
[debug] Load.defaultLoad until apply took 372.6279ms
[debug]           Load.loadUnit: plugins took 13.8124ms
[debug]           Load.loadUnit: defsScala took 0.002ms
[debug] [Loading] Scanning directory C:\Users\soroc\Documents\Scala-workspace\BlackJack\project
[debug]             Load.loadUnit: mkEval took 0.1695ms
[debug] [Loading] Found non-root projects 
[debug] [Loading] Done in C:\Users\soroc\Documents\Scala-workspace\BlackJack\project, returning: ()
[debug] deducing auto plugins based on known facts Set(Atom(sbt.plugins.CorePlugin)) and clauses Clauses(List(Clause(Atom(sbt.plugins.JvmPlugin),Set(Atom(sbt.plugins.IvyPlugin))), Clause(Atom(sbt.ScriptedPlugin),Set(Atom(sbt.plugins.JvmPlugin))), Clause(Atom(sbt.plugins.SbtPlugin),Set(Atom(sbt.ScriptedPlugin))), Clause(Atom(sbt.plugins.SemanticdbPlugin),Set(Atom(sbt.plugins.JvmPlugin))), Clause(Atom(sbt.plugins.JUnitXmlReportPlugin),Set(Atom(sbt.plugins.JvmPlugin))), Clause(Atom(sbt.plugins.MiniDependencyTreePlugin),Set(Atom(sbt.plugins.JvmPlugin))), Clause(Atom(sbt.plugins.CorePlugin),Set(Atom(sbt.plugins.IvyPlugin))), Clause(Atom(sbt.plugins.IvyPlugin),Set(Atom(sbt.plugins.JvmPlugin))), Clause(Atom(sbt.plugins.JvmPlugin),Set(Atom(sbt.plugins.SemanticdbPlugin))), Clause(Atom(sbt.plugins.JvmPlugin),Set(Atom(sbt.plugins.JUnitXmlReportPlugin))), Clause(Atom(sbt.plugins.CorePlugin),Set(Atom(sbt.plugins.Giter8TemplatePlugin))), Clause(Atom(sbt.plugins.JvmPlugin),Set(Atom(sbt.plugins.MiniDependencyTreePlugin)))))
[debug]   :: deduced result: Matched(sbt.plugins.CorePlugin,sbt.plugins.Giter8TemplatePlugin,sbt.plugins.IvyPlugin,sbt.plugins.JvmPlugin,sbt.plugins.MiniDependencyTreePlugin,sbt.plugins.JUnitXmlReportPlugin,sbt.plugins.SemanticdbPlugin)
[debug] Plugins.deducer#function took 0.7328 ms
[info] loading settings for project blackjack-build from idea.sbt ...
[debug]               Load.resolveProject(blackjack-build) took 3.4511ms
[debug]             Load.loadTransitive: finalizeProject(Project(id blackjack-build, base: C:\Users\soroc\Documents\Scala-workspace\BlackJack\project, plugins: List(<none>))) took 4.4401ms
[debug] [Loading] Done in C:\Users\soroc\Documents\Scala-workspace\BlackJack\project, returning: (blackjack-build)
[debug]           Load.loadUnit: loadedProjectsRaw took 14.1331ms
[debug]           Load.loadUnit: cleanEvalClasses took 2.5519ms
[debug]         Load.loadUnit(file:/C:/Users/soroc/Documents/Scala-workspace/BlackJack/project/, ...) took 30.9168ms
[debug]       Load.apply: load took 31.6771ms
[debug]       Load.apply: resolveProjects took 0.0586ms
[debug]       Load.apply: finalTransforms took 2.98ms
[debug]       Load.apply: config.delegates took 0.1313ms
[debug]       Load.apply: Def.make(settings)... took 24.5537ms
[debug]       Load.apply: structureIndex took 11.2732ms
[debug]       Load.apply: mkStreams took 0.0022ms
[info] loading project definition from C:\Users\soroc\Documents\Scala-workspace\BlackJack\project
[debug] Running task... Cancel: Signal, check cycles: false, forcegc: true
[debug]     Load.loadUnit: plugins took 158.4693ms
[debug]     Load.loadUnit: defsScala took 0.0022ms
[debug] [Loading] Scanning directory C:\Users\soroc\Documents\Scala-workspace\BlackJack
[debug]       Load.loadUnit: mkEval took 0.1652ms
[error] Type error in expression
[debug] > Exec(loadFailed, None, None)
[warn] Project loading failed: (r)etry, (q)uit, (l)ast, or (i)gnore? (default: r)
