[debug] > Exec(early(addDefaultCommands), None, None)
[debug] > Exec(addDefaultCommands, None, None)
[debug] > Exec(early(initialize), None, None)
[debug] > Exec(initialize, None, None)
[debug] > Exec(early(addPluginSbtFile="""C:\Users\soroc\AppData\Local\Temp\idea.sbt"""), None, None)
[debug] > Exec(addPluginSbtFile="""C:\Users\soroc\AppData\Local\Temp\idea.sbt""", None, None)
[debug] > Exec(boot, None, None)
[debug] > Exec(writeSbtVersion, None, None)
[debug] > Exec(reload, None, None)
[debug] > Exec(sbtStashOnFailure, None, None)
[debug] > Exec(onFailure loadFailed, None, None)
[debug] > Exec(loadp, None, None)
[info] welcome to sbt 1.4.3 (Oracle Corporation Java 15.0.2)
[debug]       Load.loadUnit: plugins took 122.9007ms
[debug]       Load.loadUnit: defsScala took 0.2044ms
[debug] [Loading] Scanning directory C:\Users\soroc\.sbt\1.0\plugins
[debug] [Loading] Found non-root projects 
[debug] [Loading] Done in C:\Users\soroc\.sbt\1.0\plugins, returning: ()
[debug] deducing auto plugins based on known facts Set(Atom(sbt.plugins.CorePlugin)) and clauses Clauses(List(Clause(Atom(sbt.plugins.JvmPlugin),Set(Atom(sbt.plugins.IvyPlugin))), Clause(Atom(sbt.ScriptedPlugin),Set(Atom(sbt.plugins.JvmPlugin))), Clause(Atom(sbt.plugins.SbtPlugin),Set(Atom(sbt.ScriptedPlugin))), Clause(Atom(sbt.plugins.SemanticdbPlugin),Set(Atom(sbt.plugins.JvmPlugin))), Clause(Atom(sbt.plugins.JUnitXmlReportPlugin),Set(Atom(sbt.plugins.JvmPlugin))), Clause(Atom(sbt.plugins.MiniDependencyTreePlugin),Set(Atom(sbt.plugins.JvmPlugin))), Clause(Atom(sbt.plugins.CorePlugin),Set(Atom(sbt.plugins.IvyPlugin))), Clause(Atom(sbt.plugins.IvyPlugin),Set(Atom(sbt.plugins.JvmPlugin))), Clause(Atom(sbt.plugins.JvmPlugin),Set(Atom(sbt.plugins.SemanticdbPlugin))), Clause(Atom(sbt.plugins.JvmPlugin),Set(Atom(sbt.plugins.JUnitXmlReportPlugin))), Clause(Atom(sbt.plugins.CorePlugin),Set(Atom(sbt.plugins.Giter8TemplatePlugin))), Clause(Atom(sbt.plugins.JvmPlugin),Set(Atom(sbt.plugins.MiniDependencyTreePlugin)))))
[debug]   :: deduced result: Matched(sbt.plugins.CorePlugin,sbt.plugins.Giter8TemplatePlugin,sbt.plugins.IvyPlugin,sbt.plugins.JvmPlugin,sbt.plugins.MiniDependencyTreePlugin,sbt.plugins.JUnitXmlReportPlugin,sbt.plugins.SemanticdbPlugin)
[debug] Plugins.deducer#function took 14.486999 ms
[debug]           Load.resolveProject(global-plugins) took 55.503199ms
[debug]         Load.loadTransitive: finalizeProject(Project(id global-plugins, base: C:\Users\soroc\.sbt\1.0\plugins, plugins: List(<none>))) took 90.968501ms
[debug] [Loading] Done in C:\Users\soroc\.sbt\1.0\plugins, returning: (global-plugins)
[debug]       Load.loadUnit: loadedProjectsRaw took 110.4874ms
[debug]       Load.loadUnit: cleanEvalClasses took 0.1577ms
[debug]     Load.loadUnit(file:/C:/Users/soroc/.sbt/1.0/plugins/, ...) took 240.433101ms
[debug]   Load.apply: load took 561.4118ms
[debug]   Load.apply: resolveProjects took 3.8186ms
[debug]   Load.apply: finalTransforms took 64.4561ms
[debug]   Load.apply: config.delegates took 6.053499ms
[debug]   Load.apply: Def.make(settings)... took 7933.135ms
[debug]   Load.apply: structureIndex took 93.3014ms
[debug]   Load.apply: mkStreams took 1.5196ms
[info] loading global plugins from C:\Users\soroc\.sbt\1.0\plugins
[debug] Running task... Cancel: Signal, check cycles: false, forcegc: true
[debug] Load.defaultLoad until apply took 13882.404401ms
[debug]           Load.loadUnit: plugins took 20.100999ms
[debug]           Load.loadUnit: defsScala took 0.003201ms
[debug] [Loading] Scanning directory C:\Users\soroc\Documents\Scala-workspace\BlackJack\project
[debug]             Load.loadUnit: mkEval took 21.330599ms
[debug] [Loading] Found non-root projects 
[debug] [Loading] Done in C:\Users\soroc\Documents\Scala-workspace\BlackJack\project, returning: ()
[debug] deducing auto plugins based on known facts Set(Atom(sbt.plugins.CorePlugin)) and clauses Clauses(List(Clause(Atom(sbt.plugins.JvmPlugin),Set(Atom(sbt.plugins.IvyPlugin))), Clause(Atom(sbt.ScriptedPlugin),Set(Atom(sbt.plugins.JvmPlugin))), Clause(Atom(sbt.plugins.SbtPlugin),Set(Atom(sbt.ScriptedPlugin))), Clause(Atom(sbt.plugins.SemanticdbPlugin),Set(Atom(sbt.plugins.JvmPlugin))), Clause(Atom(sbt.plugins.JUnitXmlReportPlugin),Set(Atom(sbt.plugins.JvmPlugin))), Clause(Atom(sbt.plugins.MiniDependencyTreePlugin),Set(Atom(sbt.plugins.JvmPlugin))), Clause(Atom(sbt.plugins.CorePlugin),Set(Atom(sbt.plugins.IvyPlugin))), Clause(Atom(sbt.plugins.IvyPlugin),Set(Atom(sbt.plugins.JvmPlugin))), Clause(Atom(sbt.plugins.JvmPlugin),Set(Atom(sbt.plugins.SemanticdbPlugin))), Clause(Atom(sbt.plugins.JvmPlugin),Set(Atom(sbt.plugins.JUnitXmlReportPlugin))), Clause(Atom(sbt.plugins.CorePlugin),Set(Atom(sbt.plugins.Giter8TemplatePlugin))), Clause(Atom(sbt.plugins.JvmPlugin),Set(Atom(sbt.plugins.MiniDependencyTreePlugin)))))
[debug]   :: deduced result: Matched(sbt.plugins.CorePlugin,sbt.plugins.Giter8TemplatePlugin,sbt.plugins.IvyPlugin,sbt.plugins.JvmPlugin,sbt.plugins.MiniDependencyTreePlugin,sbt.plugins.JUnitXmlReportPlugin,sbt.plugins.SemanticdbPlugin)
[debug] Plugins.deducer#function took 1.443599 ms
[info] loading settings for project blackjack-build from idea.sbt ...
[debug]               Load.resolveProject(blackjack-build) took 2.0828ms
[debug]             Load.loadTransitive: finalizeProject(Project(id blackjack-build, base: C:\Users\soroc\Documents\Scala-workspace\BlackJack\project, plugins: List(<none>))) took 3.9143ms
[debug] [Loading] Done in C:\Users\soroc\Documents\Scala-workspace\BlackJack\project, returning: (blackjack-build)
[debug]           Load.loadUnit: loadedProjectsRaw took 166.706999ms
[debug]           Load.loadUnit: cleanEvalClasses took 4.189299ms
[debug]         Load.loadUnit(file:/C:/Users/soroc/Documents/Scala-workspace/BlackJack/project/, ...) took 191.6675ms
[debug]       Load.apply: load took 192.745099ms
[debug]       Load.apply: resolveProjects took 0.0787ms
[debug]       Load.apply: finalTransforms took 7.475ms
[debug]       Load.apply: config.delegates took 0.3794ms
[debug]       Load.apply: Def.make(settings)... took 65.8201ms
[debug]       Load.apply: structureIndex took 27.9488ms
[debug]       Load.apply: mkStreams took 0.0036ms
[info] loading project definition from C:\Users\soroc\Documents\Scala-workspace\BlackJack\project
[debug] Running task... Cancel: Signal, check cycles: false, forcegc: true
[debug]     Load.loadUnit: plugins took 1175.051601ms
[debug]     Load.loadUnit: defsScala took 0.0027ms
[debug] [Loading] Scanning directory C:\Users\soroc\Documents\Scala-workspace\BlackJack
[debug]       Load.loadUnit: mkEval took 0.1853ms
[debug] [Loading] Found non-root projects 
[debug] [Loading] Done in C:\Users\soroc\Documents\Scala-workspace\BlackJack, returning: ()
[debug] deducing auto plugins based on known facts Set(Atom(sbt.plugins.CorePlugin)) and clauses Clauses(List(Clause(Atom(sbt.plugins.JvmPlugin),Set(Atom(sbt.plugins.IvyPlugin))), Clause(Atom(sbt.ScriptedPlugin),Set(Atom(sbt.plugins.JvmPlugin))), Clause(Atom(sbt.plugins.SbtPlugin),Set(Atom(sbt.ScriptedPlugin))), Clause(Atom(sbt.plugins.SemanticdbPlugin),Set(Atom(sbt.plugins.JvmPlugin))), Clause(Atom(sbt.plugins.JUnitXmlReportPlugin),Set(Atom(sbt.plugins.JvmPlugin))), Clause(Atom(sbt.plugins.MiniDependencyTreePlugin),Set(Atom(sbt.plugins.JvmPlugin))), Clause(Atom(org.jetbrains.sbt.StructurePlugin),Set(Atom(sbt.plugins.JvmPlugin))), Clause(Atom(org.jetbrains.sbt.IdeaShellPlugin),Set(Atom(sbt.plugins.JvmPlugin))), Clause(Atom(org.jetbrains.sbt.indices.SbtIntellijIndicesPlugin),Set(Atom(sbt.plugins.JvmPlugin))), Clause(Atom(sbt.plugins.CorePlugin),Set(Atom(sbt.plugins.IvyPlugin))), Clause(Atom(sbt.plugins.IvyPlugin),Set(Atom(sbt.plugins.JvmPlugin))), Clause(Atom(sbt.plugins.JvmPlugin),Set(Atom(sbt.plugins.SemanticdbPlugin))), Clause(Atom(sbt.plugins.JvmPlugin),Set(Atom(sbt.plugins.JUnitXmlReportPlugin))), Clause(Atom(sbt.plugins.CorePlugin),Set(Atom(sbt.plugins.Giter8TemplatePlugin))), Clause(Atom(sbt.plugins.JvmPlugin),Set(Atom(sbt.plugins.MiniDependencyTreePlugin))), Clause(Atom(sbt.plugins.JvmPlugin),Set(Atom(org.jetbrains.sbt.StructurePlugin))), Clause(Atom(sbt.plugins.JvmPlugin),Set(Atom(org.jetbrains.sbt.IdeaShellPlugin))), Clause(And(Set(Atom(sbt.plugins.CorePlugin), Atom(sbt.plugins.JvmPlugin))),Set(Atom(org.jetbrains.sbt.indices.SbtIntellijIndicesPlugin)))))
[debug]   :: deduced result: Matched(sbt.plugins.CorePlugin,sbt.plugins.Giter8TemplatePlugin,sbt.plugins.IvyPlugin,sbt.plugins.JvmPlugin,sbt.plugins.SemanticdbPlugin,org.jetbrains.sbt.indices.SbtIntellijIndicesPlugin,sbt.plugins.JUnitXmlReportPlugin,org.jetbrains.sbt.IdeaShellPlugin,org.jetbrains.sbt.StructurePlugin,sbt.plugins.MiniDependencyTreePlugin)
[debug] Plugins.deducer#function took 1.659199 ms
[info] loading settings for project blackjack from build.sbt ...
[debug]         Load.resolveProject(blackjack) took 21.6777ms
[debug]       Load.loadTransitive: finalizeProject(Project(id blackjack, base: C:\Users\soroc\Documents\Scala-workspace\BlackJack, plugins: List(<none>))) took 24.134701ms
[debug] [Loading] Done in C:\Users\soroc\Documents\Scala-workspace\BlackJack, returning: (blackjack)
[debug]     Load.loadUnit: loadedProjectsRaw took 166.340101ms
[debug]     Load.loadUnit: cleanEvalClasses took 12.6676ms
[debug]   Load.loadUnit(file:/C:/Users/soroc/Documents/Scala-workspace/BlackJack/, ...) took 1354.7226ms
[debug] Load.apply: load took 1355.944801ms
[debug] Load.apply: resolveProjects took 0.082901ms
[debug] Load.apply: finalTransforms took 22.011499ms
[debug] Load.apply: config.delegates took 0.283899ms
[debug] Load.apply: Def.make(settings)... took 61.024501ms
[debug] Load.apply: structureIndex took 21.633499ms
[debug] Load.apply: mkStreams took 0.002ms
[info] set current project to blackJack (in build file:/C:/Users/soroc/Documents/Scala-workspace/BlackJack/)
[debug] > Exec(sbtPopOnFailure, None, None)
[debug] > Exec(resumeFromFailure, None, None)
[debug] > Exec(notifyUsersAboutShell, None, None)
[debug] > Exec(iflast shell, None, None)
[debug] > Exec(; set ideaPort in Global := 64195 ; idea-shell, None, None)
[debug] > Exec(set ideaPort in Global := 64195, None, None)
[info] Defining Global / ideaPort
[info] The new value will be used by Compile / compile, Test / compile
[debug] Defining 
[debug] 	Global / ideaPort
[debug] 
[debug] The new value will be used by 
[debug] 	Compile / compile
[debug] 	Test / compile
[info] Reapplying settings...
[info] set current project to blackJack (in build file:/C:/Users/soroc/Documents/Scala-workspace/BlackJack/)
[debug] > Exec(idea-shell, None, None)
